# JRE version: Java(TM) SE Runtime Environment (8.0_131-b11) (build 1.8.0_131-b11)
# Java VM: Java HotSpot(TM) 64-Bit Server VM (25.131-b11 mixed mode linux-amd64 compressed oops)
Heap:
 PSYoungGen      total 253440K, used 207589K [0x00000000d6d80000, 0x00000000ee480000, 0x0000000100000000)
  eden space 149504K, 80% used [0x00000000d6d80000,0x00000000de37af60,0x00000000dff80000)
  from space 103936K, 83% used [0x00000000e6e00000,0x00000000ec2be578,0x00000000ed380000)
  to   space 113152K, 0% used [0x00000000dff80000,0x00000000dff80000,0x00000000e6e00000)
 ParOldGen       total 113664K, used 79953K [0x0000000084800000, 0x000000008b700000, 0x00000000d6d80000)
  object space 113664K, 70% used [0x0000000084800000,0x00000000896144f0,0x000000008b700000)
 Metaspace       used 48534K, capacity 50529K, committed 50856K, reserved 1093632K
  class space    used 6133K, capacity 6489K, committed 6568K, reserved 1048576K
GC Heap History (10 events):
Event: 1656,939 GC heap before
{Heap before GC invocations=46 (full 2):
 PSYoungGen      total 200704K, used 193508K [0x00000000d6d80000, 0x00000000e6f00000, 0x0000000100000000)
  eden space 149504K, 100% used [0x00000000d6d80000,0x00000000dff80000,0x00000000dff80000)
  from space 51200K, 85% used [0x00000000dff80000,0x00000000e2a793d8,0x00000000e3180000)
  to   space 54784K, 0% used [0x00000000e3980000,0x00000000e3980000,0x00000000e6f00000)
 ParOldGen       total 113664K, used 46542K [0x0000000084800000, 0x000000008b700000, 0x00000000d6d80000)
  object space 113664K, 40% used [0x0000000084800000,0x0000000087573bf0,0x000000008b700000)
 Metaspace       used 48351K, capacity 50327K, committed 50600K, reserved 1093632K
  class space    used 6122K, capacity 6472K, committed 6568K, reserved 1048576K
Event: 1656,981 GC heap after
Heap after GC invocations=46 (full 2):
 PSYoungGen      total 196096K, used 54769K [0x00000000d6d80000, 0x00000000e8e00000, 0x0000000100000000)
  eden space 141312K, 0% used [0x00000000d6d80000,0x00000000d6d80000,0x00000000df780000)
  from space 54784K, 99% used [0x00000000e3980000,0x00000000e6efc6c0,0x00000000e6f00000)
  to   space 67584K, 0% used [0x00000000df780000,0x00000000df780000,0x00000000e3980000)
 ParOldGen       total 113664K, used 61345K [0x0000000084800000, 0x000000008b700000, 0x00000000d6d80000)
  object space 113664K, 53% used [0x0000000084800000,0x00000000883e8530,0x000000008b700000)
 Metaspace       used 48351K, capacity 50327K, committed 50600K, reserved 1093632K
  class space    used 6122K, capacity 6472K, committed 6568K, reserved 1048576K
}
Event: 1666,502 GC heap before
{Heap before GC invocations=47 (full 2):
 PSYoungGen      total 196096K, used 196081K [0x00000000d6d80000, 0x00000000e8e00000, 0x0000000100000000)
  eden space 141312K, 100% used [0x00000000d6d80000,0x00000000df780000,0x00000000df780000)
  from space 54784K, 99% used [0x00000000e3980000,0x00000000e6efc6c0,0x00000000e6f00000)
  to   space 67584K, 0% used [0x00000000df780000,0x00000000df780000,0x00000000e3980000)
 ParOldGen       total 113664K, used 61345K [0x0000000084800000, 0x000000008b700000, 0x00000000d6d80000)
  object space 113664K, 53% used [0x0000000084800000,0x00000000883e8530,0x000000008b700000)
 Metaspace       used 48364K, capacity 50339K, committed 50600K, reserved 1093632K
  class space    used 6124K, capacity 6474K, committed 6568K, reserved 1048576K
Event: 1666,533 GC heap after
Heap after GC invocations=47 (full 2):
 PSYoungGen      total 208896K, used 67571K [0x00000000d6d80000, 0x00000000e9980000, 0x0000000100000000)
  eden space 141312K, 0% used [0x00000000d6d80000,0x00000000d6d80000,0x00000000df780000)
  from space 67584K, 99% used [0x00000000df780000,0x00000000e397cd78,0x00000000e3980000)
  to   space 78336K, 0% used [0x00000000e4d00000,0x00000000e4d00000,0x00000000e9980000)
 ParOldGen       total 113664K, used 65460K [0x0000000084800000, 0x000000008b700000, 0x00000000d6d80000)
  object space 113664K, 57% used [0x0000000084800000,0x00000000887ed300,0x000000008b700000)
 Metaspace       used 48364K, capacity 50339K, committed 50600K, reserved 1093632K
  class space    used 6124K, capacity 6474K, committed 6568K, reserved 1048576K
}
Event: 1666,776 GC heap before
{Heap before GC invocations=48 (full 2):
 PSYoungGen      total 208896K, used 208883K [0x00000000d6d80000, 0x00000000e9980000, 0x0000000100000000)
  eden space 141312K, 100% used [0x00000000d6d80000,0x00000000df780000,0x00000000df780000)
  from space 67584K, 99% used [0x00000000df780000,0x00000000e397cd78,0x00000000e3980000)
  to   space 78336K, 0% used [0x00000000e4d00000,0x00000000e4d00000,0x00000000e9980000)
 ParOldGen       total 113664K, used 65460K [0x0000000084800000, 0x000000008b700000, 0x00000000d6d80000)
  object space 113664K, 57% used [0x0000000084800000,0x00000000887ed300,0x000000008b700000)
 Metaspace       used 48364K, capacity 50339K, committed 50600K, reserved 1093632K
  class space    used 6124K, capacity 6474K, committed 6568K, reserved 1048576K
Event: 1666,835 GC heap after
Heap after GC invocations=48 (full 2):
 PSYoungGen      total 213504K, used 78321K [0x00000000d6d80000, 0x00000000ec800000, 0x0000000100000000)
  eden space 135168K, 0% used [0x00000000d6d80000,0x00000000d6d80000,0x00000000df180000)
  from space 78336K, 99% used [0x00000000e4d00000,0x00000000e997c548,0x00000000e9980000)
  to   space 93696K, 0% used [0x00000000df180000,0x00000000df180000,0x00000000e4d00000)
 ParOldGen       total 113664K, used 75992K [0x0000000084800000, 0x000000008b700000, 0x00000000d6d80000)
  object space 113664K, 66% used [0x0000000084800000,0x00000000892361c0,0x000000008b700000)
 Metaspace       used 48364K, capacity 50339K, committed 50600K, reserved 1093632K
  class space    used 6124K, capacity 6474K, committed 6568K, reserved 1048576K
}
Event: 1689,435 GC heap before
{Heap before GC invocations=49 (full 2):
 PSYoungGen      total 213504K, used 213489K [0x00000000d6d80000, 0x00000000ec800000, 0x0000000100000000)
  eden space 135168K, 100% used [0x00000000d6d80000,0x00000000df180000,0x00000000df180000)
  from space 78336K, 99% used [0x00000000e4d00000,0x00000000e997c548,0x00000000e9980000)
  to   space 93696K, 0% used [0x00000000df180000,0x00000000df180000,0x00000000e4d00000)
 ParOldGen       total 113664K, used 75992K [0x0000000084800000, 0x000000008b700000, 0x00000000d6d80000)
  object space 113664K, 66% used [0x0000000084800000,0x00000000892361c0,0x000000008b700000)
 Metaspace       used 48382K, capacity 50339K, committed 50600K, reserved 1093632K
  class space    used 6124K, capacity 6474K, committed 6568K, reserved 1048576K
Event: 1689,475 GC heap after
Heap after GC invocations=49 (full 2):
 PSYoungGen      total 228864K, used 83633K [0x00000000d6d80000, 0x00000000ed380000, 0x0000000100000000)
  eden space 135168K, 0% used [0x00000000d6d80000,0x00000000d6d80000,0x00000000df180000)
  from space 93696K, 89% used [0x00000000df180000,0x00000000e432c410,0x00000000e4d00000)
  to   space 103936K, 0% used [0x00000000e6e00000,0x00000000e6e00000,0x00000000ed380000)
 ParOldGen       total 113664K, used 78620K [0x0000000084800000, 0x000000008b700000, 0x00000000d6d80000)
  object space 113664K, 69% used [0x0000000084800000,0x00000000894c7110,0x000000008b700000)
 Metaspace       used 48382K, capacity 50339K, committed 50600K, reserved 1093632K
  class space    used 6124K, capacity 6474K, committed 6568K, reserved 1048576K
}
Event: 1706,488 GC heap before
{Heap before GC invocations=50 (full 2):
 PSYoungGen      total 228864K, used 218801K [0x00000000d6d80000, 0x00000000ed380000, 0x0000000100000000)
  eden space 135168K, 100% used [0x00000000d6d80000,0x00000000df180000,0x00000000df180000)
  from space 93696K, 89% used [0x00000000df180000,0x00000000e432c410,0x00000000e4d00000)
  to   space 103936K, 0% used [0x00000000e6e00000,0x00000000e6e00000,0x00000000ed380000)
 ParOldGen       total 113664K, used 78620K [0x0000000084800000, 0x000000008b700000, 0x00000000d6d80000)
  object space 113664K, 69% used [0x0000000084800000,0x00000000894c7110,0x000000008b700000)
 Metaspace       used 48460K, capacity 50503K, committed 50600K, reserved 1093632K
  class space    used 6128K, capacity 6482K, committed 6568K, reserved 1048576K
Event: 1706,541 GC heap after
Heap after GC invocations=50 (full 2):
 PSYoungGen      total 253440K, used 86777K [0x00000000d6d80000, 0x00000000ee480000, 0x0000000100000000)
  eden space 149504K, 0% used [0x00000000d6d80000,0x00000000d6d80000,0x00000000dff80000)
  from space 103936K, 83% used [0x00000000e6e00000,0x00000000ec2be578,0x00000000ed380000)
  to   space 113152K, 0% used [0x00000000dff80000,0x00000000dff80000,0x00000000e6e00000)
 ParOldGen       total 113664K, used 79953K [0x0000000084800000, 0x000000008b700000, 0x00000000d6d80000)
  object space 113664K, 70% used [0x0000000084800000,0x00000000896144f0,0x000000008b700000)
 Metaspace       used 48460K, capacity 50503K, committed 50600K, reserved 1093632K
  class space    used 6128K, capacity 6482K, committed 6568K, reserved 1048576K
}

